<?xml version="1.0" encoding="UTF-8"?><testrun name="CucumberTestSuite" project="cucumber-serenity-starter" tests="1" started="1" failures="0" errors="1" ignored="0">
  <testsuite name="net.serenitybdd.starter.starter.CucumberTestSuite" time="24.059">
    <testsuite name="Feature: Create a Customer" time="24.059">
      <testcase name="Create a Customer in Guru99" classname="Create a Customer" time="24.059">
        <error>net.thucydides.core.webdriver.UnsupportedDriverException: Could not instantiate class org.openqa.selenium.chrome.ChromeDriver&#13;
	at net.thucydides.core.webdriver.WebDriverFacade.newDriverInstance(WebDriverFacade.java:157)&#13;
	at net.thucydides.core.webdriver.WebDriverFacade.newProxyDriver(WebDriverFacade.java:144)&#13;
	at net.thucydides.core.webdriver.WebDriverFacade.getProxiedDriver(WebDriverFacade.java:114)&#13;
	at net.thucydides.core.webdriver.WebDriverFacade.openIgnoringHtmlUnitScriptErrors(WebDriverFacade.java:189)&#13;
	at net.thucydides.core.webdriver.WebDriverFacade.get(WebDriverFacade.java:184)&#13;
	at net.serenitybdd.core.pages.PageObject.openPageAtUrl(PageObject.java:840)&#13;
	at net.serenitybdd.core.pages.PageObject.open(PageObject.java:744)&#13;
	at net.serenitybdd.core.pages.PageObject.open(PageObject.java:732)&#13;
	at net.serenitybdd.starter.pages.LoginPage.openGuru99LoginPage(LoginPage.java:31)&#13;
	at net.serenitybdd.starter.stepdefinitions.CreateCustomerSteps.i_am_in_Add_New_Customer_Page(CreateCustomerSteps.java:40)&#13;
	at net.serenitybdd.starter.stepdefinitions.CreateCustomerSteps$$EnhancerByCGLIB$$e899606a.CGLIB$i_am_in_Add_New_Customer_Page$0(&lt;generated&gt;)&#13;
	at net.serenitybdd.starter.stepdefinitions.CreateCustomerSteps$$EnhancerByCGLIB$$e899606a$$FastClassByCGLIB$$915316ec.invoke(&lt;generated&gt;)&#13;
	at net.sf.cglib.proxy.MethodProxy.invokeSuper(MethodProxy.java:228)&#13;
	at net.thucydides.core.steps.StepInterceptor.invokeMethod(StepInterceptor.java:450)&#13;
	at net.thucydides.core.steps.StepInterceptor.executeTestStepMethod(StepInterceptor.java:435)&#13;
	at net.thucydides.core.steps.StepInterceptor.runTestStep(StepInterceptor.java:410)&#13;
	at net.thucydides.core.steps.StepInterceptor.runOrSkipMethod(StepInterceptor.java:151)&#13;
	at net.thucydides.core.steps.StepInterceptor.testStepResult(StepInterceptor.java:138)&#13;
	at net.thucydides.core.steps.StepInterceptor.intercept(StepInterceptor.java:69)&#13;
	at net.serenitybdd.starter.stepdefinitions.CreateCustomerSteps$$EnhancerByCGLIB$$e899606a.i_am_in_Add_New_Customer_Page(&lt;generated&gt;)&#13;
	at net.serenitybdd.starter.starter.gluecode.CreateCustomerStepDefinitions.i_am_in_Add_New_Customer_Page(CreateCustomerStepDefinitions.java:21)&#13;
	at âœ½.I am in Add New Customer Page(src/test/resources/features/create_customer.feature:4)&#13;
Caused by: net.thucydides.core.webdriver.UnsupportedDriverException: Could not instantiate new WebDriver instance of type class org.openqa.selenium.chrome.ChromeDriver (Timed out waiting for driver server to start.
Build info: version: '3.8.1', revision: '6e95a6684b', time: '2017-12-01T18:33:54.468Z'
System info: host: 'STATEFARM85', ip: '192.168.0.106', os.name: 'Windows 7', os.arch: 'x86', os.version: '6.1', java.version: '1.8.0_161'
Driver info: driver.version: unknown&#13;
	at net.thucydides.core.webdriver.WebDriverFactory.newWebdriverInstance(WebDriverFactory.java:136)&#13;
	at net.thucydides.core.webdriver.WebDriverFacade.newDriverInstance(WebDriverFacade.java:153)&#13;
	at net.thucydides.core.webdriver.WebDriverFacade.newProxyDriver(WebDriverFacade.java:144)&#13;
	at net.thucydides.core.webdriver.WebDriverFacade.getProxiedDriver(WebDriverFacade.java:114)&#13;
	at net.thucydides.core.webdriver.WebDriverFacade.openIgnoringHtmlUnitScriptErrors(WebDriverFacade.java:189)&#13;
	at net.thucydides.core.webdriver.WebDriverFacade.get(WebDriverFacade.java:184)&#13;
	at net.serenitybdd.core.pages.PageObject.openPageAtUrl(PageObject.java:840)&#13;
	at net.serenitybdd.core.pages.PageObject.open(PageObject.java:744)&#13;
	at net.serenitybdd.core.pages.PageObject.open(PageObject.java:732)&#13;
	at net.serenitybdd.starter.pages.LoginPage.openGuru99LoginPage(LoginPage.java:31)&#13;
	at net.serenitybdd.starter.stepdefinitions.CreateCustomerSteps.i_am_in_Add_New_Customer_Page(CreateCustomerSteps.java:40)&#13;
	at net.serenitybdd.starter.stepdefinitions.CreateCustomerSteps$$EnhancerByCGLIB$$e899606a.CGLIB$i_am_in_Add_New_Customer_Page$0(&lt;generated&gt;)&#13;
	at net.serenitybdd.starter.stepdefinitions.CreateCustomerSteps$$EnhancerByCGLIB$$e899606a$$FastClassByCGLIB$$915316ec.invoke(&lt;generated&gt;)&#13;
	at net.sf.cglib.proxy.MethodProxy.invokeSuper(MethodProxy.java:228)&#13;
	at net.thucydides.core.steps.StepInterceptor.invokeMethod(StepInterceptor.java:450)&#13;
	at net.thucydides.core.steps.StepInterceptor.executeTestStepMethod(StepInterceptor.java:435)&#13;
	at net.thucydides.core.steps.StepInterceptor.runTestStep(StepInterceptor.java:410)&#13;
	at net.thucydides.core.steps.StepInterceptor.runOrSkipMethod(StepInterceptor.java:151)&#13;
	at net.thucydides.core.steps.StepInterceptor.testStepResult(StepInterceptor.java:138)&#13;
	at net.thucydides.core.steps.StepInterceptor.intercept(StepInterceptor.java:69)&#13;
	at net.serenitybdd.starter.stepdefinitions.CreateCustomerSteps$$EnhancerByCGLIB$$e899606a.i_am_in_Add_New_Customer_Page(&lt;generated&gt;)&#13;
	at net.serenitybdd.starter.starter.gluecode.CreateCustomerStepDefinitions.i_am_in_Add_New_Customer_Page(CreateCustomerStepDefinitions.java:21)&#13;
	at sun.reflect.NativeMethodAccessorImpl.invoke0(Native Method)&#13;
	at sun.reflect.NativeMethodAccessorImpl.invoke(NativeMethodAccessorImpl.java:62)&#13;
	at sun.reflect.DelegatingMethodAccessorImpl.invoke(DelegatingMethodAccessorImpl.java:43)&#13;
	at java.lang.reflect.Method.invoke(Method.java:498)&#13;
	at cucumber.runtime.Utils$1.call(Utils.java:32)&#13;
	at cucumber.runtime.Timeout.timeout(Timeout.java:16)&#13;
	at cucumber.runtime.Utils.invoke(Utils.java:26)&#13;
	at cucumber.runtime.java.JavaStepDefinition.execute(JavaStepDefinition.java:37)&#13;
	at cucumber.runtime.StepDefinitionMatch.runStep(StepDefinitionMatch.java:40)&#13;
	at cucumber.api.TestStep.executeStep(TestStep.java:102)&#13;
	at cucumber.api.TestStep.run(TestStep.java:83)&#13;
	at cucumber.api.TestCase.run(TestCase.java:58)&#13;
	at cucumber.runner.Runner.runPickle(Runner.java:80)&#13;
	at cucumber.runtime.junit.PickleRunners$NoStepDescriptions.run(PickleRunners.java:140)&#13;
	at cucumber.runtime.junit.FeatureRunner.runChild(FeatureRunner.java:68)&#13;
	at cucumber.runtime.junit.FeatureRunner.runChild(FeatureRunner.java:23)&#13;
	at org.junit.runners.ParentRunner$3.run(ParentRunner.java:290)&#13;
	at org.junit.runners.ParentRunner$1.schedule(ParentRunner.java:71)&#13;
	at org.junit.runners.ParentRunner.runChildren(ParentRunner.java:288)&#13;
	at org.junit.runners.ParentRunner.access$000(ParentRunner.java:58)&#13;
	at org.junit.runners.ParentRunner$2.evaluate(ParentRunner.java:268)&#13;
	at org.junit.runners.ParentRunner.run(ParentRunner.java:363)&#13;
	at cucumber.runtime.junit.FeatureRunner.run(FeatureRunner.java:73)&#13;
	at cucumber.api.junit.Cucumber.runChild(Cucumber.java:117)&#13;
	at cucumber.api.junit.Cucumber.runChild(Cucumber.java:55)&#13;
	at org.junit.runners.ParentRunner$3.run(ParentRunner.java:290)&#13;
	at org.junit.runners.ParentRunner$1.schedule(ParentRunner.java:71)&#13;
	at org.junit.runners.ParentRunner.runChildren(ParentRunner.java:288)&#13;
	at org.junit.runners.ParentRunner.access$000(ParentRunner.java:58)&#13;
	at org.junit.runners.ParentRunner$2.evaluate(ParentRunner.java:268)&#13;
	at cucumber.api.junit.Cucumber$1.evaluate(Cucumber.java:126)&#13;
	at org.junit.runners.ParentRunner.run(ParentRunner.java:363)&#13;
	at org.eclipse.jdt.internal.junit4.runner.JUnit4TestReference.run(JUnit4TestReference.java:86)&#13;
	at org.eclipse.jdt.internal.junit.runner.TestExecution.run(TestExecution.java:38)&#13;
	at org.eclipse.jdt.internal.junit.runner.RemoteTestRunner.runTests(RemoteTestRunner.java:538)&#13;
	at org.eclipse.jdt.internal.junit.runner.RemoteTestRunner.runTests(RemoteTestRunner.java:760)&#13;
	at org.eclipse.jdt.internal.junit.runner.RemoteTestRunner.run(RemoteTestRunner.java:460)&#13;
	at org.eclipse.jdt.internal.junit.runner.RemoteTestRunner.main(RemoteTestRunner.java:206)&#13;
Caused by: org.openqa.selenium.WebDriverException: Timed out waiting for driver server to start.
Build info: version: '3.8.1', revision: '6e95a6684b', time: '2017-12-01T18:33:54.468Z'
System info: host: 'STATEFARM85', ip: '192.168.0.106', os.name: 'Windows 7', os.arch: 'x86', os.version: '6.1', java.version: '1.8.0_161'
Driver info: driver.version: unknown&#13;
	at org.openqa.selenium.remote.service.DriverService.waitUntilAvailable(DriverService.java:192)&#13;
	at org.openqa.selenium.remote.service.DriverService.start(DriverService.java:178)&#13;
	at net.serenitybdd.core.webdriver.servicepools.DriverServicePool.start(DriverServicePool.java:61)&#13;
	at net.serenitybdd.core.webdriver.servicepools.DriverServicePool.ensureServiceIsRunning(DriverServicePool.java:86)&#13;
	at net.serenitybdd.core.webdriver.driverproviders.ChromeDriverProvider.getDriverServicePool(ChromeDriverProvider.java:28)&#13;
	at net.serenitybdd.core.webdriver.driverproviders.ChromeDriverProvider.newInstance(ChromeDriverProvider.java:48)&#13;
	at net.thucydides.core.webdriver.WebDriverFactory.newWebdriverInstance(WebDriverFactory.java:126)&#13;
	... 59 more&#13;
Caused by: org.openqa.selenium.net.UrlChecker$TimeoutException: Timed out waiting for [http://localhost:12742/status] to be available after 20007 ms&#13;
	at org.openqa.selenium.net.UrlChecker.waitUntilAvailable(UrlChecker.java:100)&#13;
	at org.openqa.selenium.remote.service.DriverService.waitUntilAvailable(DriverService.java:187)&#13;
	... 65 more&#13;
Caused by: java.util.concurrent.TimeoutException&#13;
	at java.util.concurrent.FutureTask.get(FutureTask.java:205)&#13;
	at com.google.common.util.concurrent.SimpleTimeLimiter.callWithTimeout(SimpleTimeLimiter.java:147)&#13;
	at org.openqa.selenium.net.UrlChecker.waitUntilAvailable(UrlChecker.java:75)&#13;
	... 66 more&#13;
&#13;
</error>
      </testcase>
    </testsuite>
  </testsuite>
</testrun>
