<?xml version="1.0" encoding="UTF-8"?><testrun name="CucumberTestSuite" project="cucumber-serenity-starter" tests="1" started="1" failures="0" errors="1" ignored="0">
  <testsuite name="net.serenitybdd.starter.starter.CucumberTestSuite" time="28.215">
    <testsuite name="Feature: Create a Customer" time="28.215">
      <testcase name="Create a Customer in Guru99" classname="Create a Customer" time="28.215">
        <error>net.serenitybdd.core.exceptions.SerenityManagedException: The following error occurred: unknown error: keys should be a string
  (Session info: chrome=64.0.3282.186)
  (Driver info: chromedriver=2.33.506120 (e3e53437346286c0bc2d2dc9aa4915ba81d9023f),platform=Windows NT 6.1.7601 SP1 x86) (WARNING: The server did not provide any stacktrace information)
Command duration or timeout: 0 milliseconds
Build info: version: '3.8.1', revision: '6e95a6684b', time: '2017-12-01T18:33:54.468Z'
System info: host: 'STATEFARM85', ip: '192.168.0.106', os.name: 'Windows 7', os.arch: 'x86', os.version: '6.1', java.version: '1.8.0_161'
Driver info: org.openqa.selenium.remote.RemoteWebDriver
Capabilities {acceptSslCerts: true, applicationCacheEnabled: false, browserConnectionEnabled: false, browserName: chrome, chrome: {chromedriverVersion: 2.33.506120 (e3e53437346286..., userDataDir: C:\Users\sthorave\AppData\L...}, cssSelectorsEnabled: true, databaseEnabled: false, handlesAlerts: true, hasTouchScreen: false, javascriptEnabled: true, locationContextEnabled: true, mobileEmulationEnabled: false, nativeEvents: true, networkConnectionEnabled: false, pageLoadStrategy: normal, platform: XP, platformName: XP, rotatable: false, setWindowRect: true, takesHeapSnapshot: true, takesScreenshot: true, unexpectedAlertBehaviour: , unhandledPromptBehavior: , version: 64.0.3282.186, webStorageEnabled: true}
Session ID: 4c17bf16964c390f1754d1b864ba44f7&#13;
	at sun.reflect.NativeConstructorAccessorImpl.newInstance0(Native Method)&#13;
	at sun.reflect.NativeConstructorAccessorImpl.newInstance(NativeConstructorAccessorImpl.java:62)&#13;
	at sun.reflect.DelegatingConstructorAccessorImpl.newInstance(DelegatingConstructorAccessorImpl.java:45)&#13;
	at java.lang.reflect.Constructor.newInstance(Constructor.java:423)&#13;
	at org.openqa.selenium.remote.ErrorHandler.createThrowable(ErrorHandler.java:214)&#13;
	at org.openqa.selenium.remote.ErrorHandler.throwIfResponseFailed(ErrorHandler.java:166)&#13;
	at org.openqa.selenium.remote.http.JsonHttpResponseCodec.reconstructValue(JsonHttpResponseCodec.java:40)&#13;
	at org.openqa.selenium.remote.http.AbstractHttpResponseCodec.decode(AbstractHttpResponseCodec.java:80)&#13;
	at org.openqa.selenium.remote.http.AbstractHttpResponseCodec.decode(AbstractHttpResponseCodec.java:44)&#13;
	at org.openqa.selenium.remote.HttpCommandExecutor.execute(HttpCommandExecutor.java:164)&#13;
	at org.openqa.selenium.remote.RemoteWebDriver.execute(RemoteWebDriver.java:601)&#13;
	at org.openqa.selenium.remote.RemoteWebElement.execute(RemoteWebElement.java:279)&#13;
	at org.openqa.selenium.remote.RemoteWebElement.sendKeys(RemoteWebElement.java:100)&#13;
	at sun.reflect.NativeMethodAccessorImpl.invoke0(Native Method)&#13;
	at sun.reflect.NativeMethodAccessorImpl.invoke(NativeMethodAccessorImpl.java:62)&#13;
	at sun.reflect.DelegatingMethodAccessorImpl.invoke(DelegatingMethodAccessorImpl.java:43)&#13;
	at java.lang.reflect.Method.invoke(Method.java:498)&#13;
	at org.openqa.selenium.support.pagefactory.internal.LocatingElementHandler.invoke(LocatingElementHandler.java:51)&#13;
	at com.sun.proxy.$Proxy20.sendKeys(Unknown Source)&#13;
	at net.serenitybdd.starter.pages.LoginPage.enterUserID(LoginPage.java:36)&#13;
	at net.serenitybdd.starter.stepdefinitions.CreateCustomerSteps.i_am_in_Add_New_Customer_Page(CreateCustomerSteps.java:41)&#13;
	at net.serenitybdd.starter.stepdefinitions.CreateCustomerSteps$$EnhancerByCGLIB$$e899606a.CGLIB$i_am_in_Add_New_Customer_Page$0(&lt;generated&gt;)&#13;
	at net.serenitybdd.starter.stepdefinitions.CreateCustomerSteps$$EnhancerByCGLIB$$e899606a$$FastClassByCGLIB$$915316ec.invoke(&lt;generated&gt;)&#13;
	at net.sf.cglib.proxy.MethodProxy.invokeSuper(MethodProxy.java:228)&#13;
	at net.thucydides.core.steps.StepInterceptor.invokeMethod(StepInterceptor.java:450)&#13;
	at net.thucydides.core.steps.StepInterceptor.executeTestStepMethod(StepInterceptor.java:435)&#13;
	at net.thucydides.core.steps.StepInterceptor.runTestStep(StepInterceptor.java:410)&#13;
	at net.thucydides.core.steps.StepInterceptor.runOrSkipMethod(StepInterceptor.java:151)&#13;
	at net.thucydides.core.steps.StepInterceptor.testStepResult(StepInterceptor.java:138)&#13;
	at net.thucydides.core.steps.StepInterceptor.intercept(StepInterceptor.java:69)&#13;
	at net.serenitybdd.starter.stepdefinitions.CreateCustomerSteps$$EnhancerByCGLIB$$e899606a.i_am_in_Add_New_Customer_Page(&lt;generated&gt;)&#13;
	at net.serenitybdd.starter.starter.gluecode.CreateCustomerStepDefinitions.i_am_in_Add_New_Customer_Page(CreateCustomerStepDefinitions.java:21)&#13;
	at âœ½.I am in Add New Customer Page(src/test/resources/features/create_customer.feature:4)&#13;
&#13;
</error>
      </testcase>
    </testsuite>
  </testsuite>
</testrun>
